----------------------------------------------------------------------------------------------------
------------------------------------ MegaLinter, by OX Security ------------------------------------
----------------------------------------------------------------------------------------------------
 - Image Creation Date: 2025-06-15T16:22:24Z
 - Image Revision: e08c2b05e3dbc40af4c23f41172ef1e068a7d651
 - Image Version: v8.8.0
----------------------------------------------------------------------------------------------------
The MegaLinter documentation can be found at:
 - https://megalinter.io/8.8.0
----------------------------------------------------------------------------------------------------
::group::MegaLinter initialization (expand for details)
MegaLinter will analyze workspace [/github/workspace]
GITHUB_REPOSITORY: ministryofjustice/hmpps-delius-operational-automation
GITHUB_REF: refs/pull/724/merge
GITHUB_RUN_ID: 23750412146


JSON_ESLINT_PLUGIN_JSONC has been disabled in MegaLinter for the following reason: Bug in eslint-plugin-jsonc: https://github.com/ota-meshi/eslint-plugin-jsonc/issues/328
MAKEFILE_CHECKMAKE has been disabled in MegaLinter for the following reason: Security issues: https://github.com/mrtazz/checkmake/issues/99
MARKDOWN_REMARK_LINT has been disabled in MegaLinter for the following reason: Bug in remark-lint: https://github.com/remarkjs/remark-lint/issues/322
Skipped linters: ACTION_ACTIONLINT, ANSIBLE_ANSIBLE_LINT, API_SPECTRAL, ARM_ARM_TTK, BASH_EXEC, BASH_SHELLCHECK, BASH_SHFMT, BICEP_BICEP_LINTER, CLOJURE_CLJSTYLE, CLOJURE_CLJ_KONDO, CLOUDFORMATION_CFN_LINT, COFFEE_COFFEELINT, COPYPASTE_JSCPD, CPP_CLANG_FORMAT, CPP_CPPCHECK, CPP_CPPLINT, CSHARP_CSHARPIER, CSHARP_DOTNET_FORMAT, CSHARP_ROSLYNATOR, CSS_STYLELINT, C_CLANG_FORMAT, C_CPPCHECK, C_CPPLINT, DART_DARTANALYZER, DOCKERFILE_HADOLINT, EDITORCONFIG_EDITORCONFIG_CHECKER, ENV_DOTENV_LINTER, GHERKIN_GHERKIN_LINT, GO_GOLANGCI_LINT, GO_REVIVE, GRAPHQL_GRAPHQL_SCHEMA_LINTER, GROOVY_NPM_GROOVY_LINT, HTML_DJLINT, HTML_HTMLHINT, JAVASCRIPT_ES, JAVASCRIPT_PRETTIER, JAVASCRIPT_STANDARD, JAVA_CHECKSTYLE, JAVA_PMD, JSON_ESLINT_PLUGIN_JSONC, JSON_JSONLINT, JSON_NPM_PACKAGE_JSON_LINT, JSON_V8R, JSX_ESLINT, KOTLIN_DETEKT, KOTLIN_KTLINT, KUBERNETES_HELM, KUBERNETES_KUBECONFORM, KUBERNETES_KUBESCAPE, LATEX_CHKTEX, LUA_LUACHECK, LUA_SELENE, LUA_STYLUA, MAKEFILE_CHECKMAKE, MARKDOWN_MARKDOWN_LINK_CHECK, MARKDOWN_MARKDOWN_TABLE_FORMATTER, MARKDOWN_REMARK_LINT, PERL_PERLCRITIC, PHP_PHPCS, PHP_PHPCSFIXER, PHP_PHPLINT, PHP_PHPSTAN, PHP_PSALM, POWERSHELL_POWERSHELL, POWERSHELL_POWERSHELL_FORMATTER, PROTOBUF_PROTOLINT, PUPPET_PUPPET_LINT, PYTHON_BANDIT, PYTHON_BLACK, PYTHON_FLAKE8, PYTHON_ISORT, PYTHON_MYPY, PYTHON_PYLINT, PYTHON_PYRIGHT, PYTHON_RUFF, PYTHON_RUFF_FORMAT, RAKU_RAKU, REPOSITORY_CHECKOV, REPOSITORY_DEVSKIM, REPOSITORY_DUSTILOCK, REPOSITORY_GITLEAKS, REPOSITORY_GIT_DIFF, REPOSITORY_GRYPE, REPOSITORY_KICS, REPOSITORY_LS_LINT, REPOSITORY_SECRETLINT, REPOSITORY_SEMGREP, REPOSITORY_SYFT, REPOSITORY_TRIVY, REPOSITORY_TRIVY_SBOM, REPOSITORY_TRUFFLEHOG, RST_RSTCHECK, RST_RSTFMT, RST_RST_LINT, RUBY_RUBOCOP, RUST_CLIPPY, R_LINTR, SALESFORCE_LIGHTNING_FLOW_SCANNER, SALESFORCE_SFDX_SCANNER_APEX, SALESFORCE_SFDX_SCANNER_AURA, SALESFORCE_SFDX_SCANNER_LWC, SCALA_SCALAFIX, SNAKEMAKE_LINT, SNAKEMAKE_SNAKEFMT, SPELL_CSPELL, SPELL_LYCHEE, SPELL_PROSELINT, SPELL_VALE, SQL_SQLFLUFF, SQL_TSQLLINT, SWIFT_SWIFTLINT, TEKTON_TEKTON_LINT, TERRAFORM_TERRAGRUNT, TERRAFORM_TERRASCAN, TERRAFORM_TFLINT, TSX_ESLINT, TYPESCRIPT_ES, TYPESCRIPT_PRETTIER, TYPESCRIPT_STANDARD, VBDOTNET_DOTNET_FORMAT, XML_XMLLINT, YAML_V8R, YAML_YAMLLINT
[ApiReporter] Not enabled as API_REPORTER is not defined to true
::endgroup::
::group::MegaLinter now collects the files to analyse (expand for details)
Listing updated files in [/github/workspace] using git diff.
Modified files:
.github/actions/get-target-slack-channel/action.yml
.github/actions/send-slack-notification/action.yml
.github/dependabot.yml
.github/workflows/ansible-aws-image-build.yml
.github/workflows/db-migration.yml
.github/workflows/delius-core-cp-rds-data-refresh.yaml
.github/workflows/delius-core-rds-data-refresh.yaml
.github/workflows/delius-core-update-task-def.yml
.github/workflows/delius-db-pdm-uplift.yml
.github/workflows/dependency-review.yml
.github/workflows/format-code.yml
.github/workflows/iaps-data-refresh.yml
.github/workflows/ldap-add-roles-to-users.yml
.github/workflows/ldap-data-refresh.yml
.github/workflows/ldap-on-demand-bkp.yml
.github/workflows/ldap-operational-automation-template.yml
.github/workflows/ldap-rbac-uplift.yml
.github/workflows/ldap-remove-user-passwords.yaml
.github/workflows/ldap-update-user-home-area.yml
.github/workflows/ldap-update-user-roles.yml
.github/workflows/ldap-user-expiry.yaml
.github/workflows/mis-ad-admin-rotate.yml
.github/workflows/mis-ad-user-group-sync.yml
.github/workflows/oracle-db-audit-replication-management.yml
.github/workflows/oracle-db-autotasks.yml
.github/workflows/oracle-db-aws-snapshot.yml
.github/workflows/oracle-db-backup.yml
.github/workflows/oracle-db-block-sessions.yml
.github/workflows/oracle-db-build-ha.yml
.github/workflows/oracle-db-deinstall.yml
.github/workflows/oracle-db-delete-dbids-not-in-use-schedule.yml
.github/workflows/oracle-db-delete-dbids-not-in-use.yml
.github/workflows/oracle-db-delius-audit-replication-schema-setup.yml
.github/workflows/oracle-db-delius-configuration-artefacts.yml
.github/workflows/oracle-db-delius-operational-artefacts.yml
.github/workflows/oracle-db-dg-switchover.yml
.github/workflows/oracle-db-dms-setup.yml
.github/workflows/oracle-db-duplicate.yml
.github/workflows/oracle-db-flashback-data-archive.yml
.github/workflows/oracle-db-logfile-housekeeping.yml
.github/workflows/oracle-db-mis-configuration-artefacts.yml
.github/workflows/oracle-db-oem-agent-setup.yml
.github/workflows/oracle-db-oem-blackout.yml
.github/workflows/oracle-db-oem-metrics-setup.yml
.github/workflows/oracle-db-oem-password-rotation-schedule.yml
.github/workflows/oracle-db-oem-password-rotation.yml
.github/workflows/oracle-db-oem-patching.yml
.github/workflows/oracle-db-password-rotation-schedule.yml
.github/workflows/oracle-db-password-rotation.yml
.github/workflows/oracle-db-patch-report.yml
.github/workflows/oracle-db-patching.yml
.github/workflows/oracle-db-release-update.yml
.github/workflows/oracle-db-remove-orphan-backups.yml
.github/workflows/oracle-db-restore-points.yml
.github/workflows/oracle-db-schedule-backups.yml
.github/workflows/oracle-db-schedule-validate-backups.yml
.github/workflows/oracle-db-secrets.yml
.github/workflows/oracle-db-set-parameters.yml
.github/workflows/oracle-db-snapshot-standby.yml
.github/workflows/oracle-db-statistics.yml
.github/workflows/oracle-db-statspack-setup.yml
.github/workflows/oracle-db-support-awr-reports.yml
.github/workflows/oracle-db-toggle-fsfo-excluding-non-working-day.yml
.github/workflows/oracle-db-toggle-fsfo-schedule.yml
.github/workflows/oracle-db-toggle-fsfo.yml
.github/workflows/oracle-db-unified-audit-management.yml
.github/workflows/oracle-db-validate-backups.yml
.github/workflows/oracle-db-validate-chunks.yml
.github/workflows/oracle-observer-image-build.yml
.github/workflows/weblogic-update-task-def.yml
- File extensions: .json, .md, .tf, .yaml, .yml
- Excluding regex: README.md
- Excluding .gitignored files [0]: 
Kept [70] files on [70] found files

+----MATCHING LINTERS-+----------+----------------+------------+
| Descriptor | Linter | Criteria | Matching files | Format/Fix |
+------------+--------+----------+----------------+------------+
::endgroup::
[Updated Sources Reporter] No source file has been formatted or fixed

+----SUMMARY-+--------+------+-------+-------+--------+----------+--------------+
| Descriptor | Linter | Mode | Files | Fixed | Errors | Warnings | Elapsed time |
+------------+--------+------+-------+-------+--------+----------+--------------+

[32m✅ Successfully linted all files without errors[0m
